2025-04-04 08:43:01.493672 - Received CBT.V508.FILE374.PDS from FILE374.XMI 
2025-04-04 08:43:01.497443 - Found $$$#DATE.txt (text/plain) in CBT.V508.FILE374.PDS, moved to PDS/$$$#DATE
2025-04-04 08:43:01.497603 - Found $$AUTHOR.txt (text/plain) in CBT.V508.FILE374.PDS, moved to PDS/$$AUTHOR
2025-04-04 08:43:01.497750 - Found $$DOCM.txt (text/plain) in CBT.V508.FILE374.PDS, moved to PDS/$$DOCM
2025-04-04 08:43:01.497881 - Found $MARSDEN.eml (message/rfc822) in CBT.V508.FILE374.PDS, moved to PDS/$MARSDEN
2025-04-04 08:43:01.498007 - Found @FILE374.txt (text/plain) in CBT.V508.FILE374.PDS, moved to PDS/@FILE374
2025-04-04 08:43:01.498148 - Found DISKMAP.jcl (text/plain) in CBT.V508.FILE374.PDS, moved to PDS/DISKMAP
2025-04-04 08:43:01.498277 - Found DMAPQ.jcl (text/plain) in CBT.V508.FILE374.PDS, moved to PDS/DMAPQ
2025-04-04 08:43:01.498397 - Found LOADXREF.jcl (text/plain) in CBT.V508.FILE374.PDS, moved to PDS/LOADXREF
2025-04-04 08:43:01.498522 - Found PDSCOMP.jcl (text/plain) in CBT.V508.FILE374.PDS, moved to PDS/PDSCOMP
2025-04-04 08:43:01.498647 - Found PDS1.jcl (text/plain) in CBT.V508.FILE374.PDS, moved to PDS/PDS1
2025-04-04 08:43:01.498778 - Found SASMF4.jcl (text/plain) in CBT.V508.FILE374.PDS, moved to PDS/SASMF4
2025-04-04 08:43:01.498902 - Found SASMF4#2.jcl (text/plain) in CBT.V508.FILE374.PDS, moved to PDS/SASMF4#2
2025-04-04 08:43:01.499031 - Found SASMF45.jcl (text/plain) in CBT.V508.FILE374.PDS, moved to PDS/SASMF45
2025-04-04 08:43:01.499166 - Found SASVTOC.jcl (text/plain) in CBT.V508.FILE374.PDS, moved to PDS/SASVTOC
2025-04-04 08:43:01.499286 - Found SAS4PGM.jcl (text/plain) in CBT.V508.FILE374.PDS, moved to PDS/SAS4PGM
2025-04-04 08:43:01.499405 - Found SMF.jcl (text/plain) in CBT.V508.FILE374.PDS, moved to PDS/SMF
2025-04-04 08:43:01.499531 - Found SMFCNT.jcl (text/plain) in CBT.V508.FILE374.PDS, moved to PDS/SMFCNT
2025-04-04 08:43:01.499678 - Found SMFCPYD.jcl (text/plain) in CBT.V508.FILE374.PDS, moved to PDS/SMFCPYD
2025-04-04 08:43:01.499816 - Found SMFXTR.jcl (text/plain) in CBT.V508.FILE374.PDS, moved to PDS/SMFXTR
2025-04-04 08:43:01.499932 - Found SMF0.jcl (text/plain) in CBT.V508.FILE374.PDS, moved to PDS/SMF0
2025-04-04 08:43:01.500059 - Found SMF10.jcl (text/plain) in CBT.V508.FILE374.PDS, moved to PDS/SMF10
2025-04-04 08:43:01.500178 - Found SMF11.jcl (text/plain) in CBT.V508.FILE374.PDS, moved to PDS/SMF11
2025-04-04 08:43:01.500298 - Found SMF129.txt (text/plain) in CBT.V508.FILE374.PDS, moved to PDS/SMF129
2025-04-04 08:43:01.500422 - Found SMF1415.jcl (text/plain) in CBT.V508.FILE374.PDS, moved to PDS/SMF1415
2025-04-04 08:43:01.500552 - Found SMF1415A.jcl (text/plain) in CBT.V508.FILE374.PDS, moved to PDS/SMF1415A
2025-04-04 08:43:01.500680 - Found SMF1415B.jcl (text/plain) in CBT.V508.FILE374.PDS, moved to PDS/SMF1415B
2025-04-04 08:43:01.500875 - Found SMF1415X.jcl (text/plain) in CBT.V508.FILE374.PDS, moved to PDS/SMF1415X
2025-04-04 08:43:01.501025 - Found SMF1415Y.jcl (text/plain) in CBT.V508.FILE374.PDS, moved to PDS/SMF1415Y
2025-04-04 08:43:01.501170 - Found SMF1415Z.jcl (text/plain) in CBT.V508.FILE374.PDS, moved to PDS/SMF1415Z
2025-04-04 08:43:01.501305 - Found SMF15.jcl (text/plain) in CBT.V508.FILE374.PDS, moved to PDS/SMF15
2025-04-04 08:43:01.501434 - Found SMF15ALL.jcl (text/plain) in CBT.V508.FILE374.PDS, moved to PDS/SMF15ALL
2025-04-04 08:43:01.501555 - Found SMF15DS.jcl (text/plain) in CBT.V508.FILE374.PDS, moved to PDS/SMF15DS
2025-04-04 08:43:01.501674 - Found SMF15WHO.jcl (text/plain) in CBT.V508.FILE374.PDS, moved to PDS/SMF15WHO
2025-04-04 08:43:01.501800 - Found SMF17.jcl (text/plain) in CBT.V508.FILE374.PDS, moved to PDS/SMF17
2025-04-04 08:43:01.501932 - Found SMF17DS.jcl (text/plain) in CBT.V508.FILE374.PDS, moved to PDS/SMF17DS
2025-04-04 08:43:01.502073 - Found SMF18.jcl (text/plain) in CBT.V508.FILE374.PDS, moved to PDS/SMF18
2025-04-04 08:43:01.502200 - Found SMF20.jcl (text/plain) in CBT.V508.FILE374.PDS, moved to PDS/SMF20
2025-04-04 08:43:01.502328 - Found SMF21.jcl (text/plain) in CBT.V508.FILE374.PDS, moved to PDS/SMF21
2025-04-04 08:43:01.502446 - Found SMF22.jcl (text/plain) in CBT.V508.FILE374.PDS, moved to PDS/SMF22
2025-04-04 08:43:01.502568 - Found SMF220.jcl (text/plain) in CBT.V508.FILE374.PDS, moved to PDS/SMF220
2025-04-04 08:43:01.502696 - Found SMF221.jcl (text/plain) in CBT.V508.FILE374.PDS, moved to PDS/SMF221
2025-04-04 08:43:01.502852 - Found SMF223.jcl (text/plain) in CBT.V508.FILE374.PDS, moved to PDS/SMF223
2025-04-04 08:43:01.502973 - Found SMF23.jcl (text/plain) in CBT.V508.FILE374.PDS, moved to PDS/SMF23
2025-04-04 08:43:01.503090 - Found SMF230.jcl (text/plain) in CBT.V508.FILE374.PDS, moved to PDS/SMF230
2025-04-04 08:43:01.503213 - Found SMF239.jcl (text/plain) in CBT.V508.FILE374.PDS, moved to PDS/SMF239
2025-04-04 08:43:01.503349 - Found SMF239TC.jcl (text/plain) in CBT.V508.FILE374.PDS, moved to PDS/SMF239TC
2025-04-04 08:43:01.503485 - Found SMF240.jcl (text/plain) in CBT.V508.FILE374.PDS, moved to PDS/SMF240
2025-04-04 08:43:01.503599 - Found SMF241.jcl (text/plain) in CBT.V508.FILE374.PDS, moved to PDS/SMF241
2025-04-04 08:43:01.503717 - Found SMF25.jcl (text/plain) in CBT.V508.FILE374.PDS, moved to PDS/SMF25
2025-04-04 08:43:01.503832 - Found SMF250.jcl (text/plain) in CBT.V508.FILE374.PDS, moved to PDS/SMF250
2025-04-04 08:43:01.503971 - Found SMF251.jcl (text/plain) in CBT.V508.FILE374.PDS, moved to PDS/SMF251
2025-04-04 08:43:01.504098 - Found SMF26.jcl (text/plain) in CBT.V508.FILE374.PDS, moved to PDS/SMF26
2025-04-04 08:43:01.504222 - Found SMF26J2.jcl (text/plain) in CBT.V508.FILE374.PDS, moved to PDS/SMF26J2
2025-04-04 08:43:01.504341 - Found SMF30.jcl (text/plain) in CBT.V508.FILE374.PDS, moved to PDS/SMF30
2025-04-04 08:43:01.504476 - Found SMF30DL.jcl (text/plain) in CBT.V508.FILE374.PDS, moved to PDS/SMF30DL
2025-04-04 08:43:01.504588 - Found SMF30SP.jcl (text/plain) in CBT.V508.FILE374.PDS, moved to PDS/SMF30SP
2025-04-04 08:43:01.504705 - Found SMF32.jcl (text/plain) in CBT.V508.FILE374.PDS, moved to PDS/SMF32
2025-04-04 08:43:01.504829 - Found SMF34.jcl (text/plain) in CBT.V508.FILE374.PDS, moved to PDS/SMF34
2025-04-04 08:43:01.504952 - Found SMF35.jcl (text/plain) in CBT.V508.FILE374.PDS, moved to PDS/SMF35
2025-04-04 08:43:01.505080 - Found SMF37.jcl (text/plain) in CBT.V508.FILE374.PDS, moved to PDS/SMF37
2025-04-04 08:43:01.505199 - Found SMF4.jcl (text/plain) in CBT.V508.FILE374.PDS, moved to PDS/SMF4
2025-04-04 08:43:01.505320 - Found SMF40.jcl (text/plain) in CBT.V508.FILE374.PDS, moved to PDS/SMF40
2025-04-04 08:43:01.505446 - Found SMF43.jcl (text/plain) in CBT.V508.FILE374.PDS, moved to PDS/SMF43
2025-04-04 08:43:01.505561 - Found SMF45.jcl (text/plain) in CBT.V508.FILE374.PDS, moved to PDS/SMF45
2025-04-04 08:43:01.505678 - Found SMF47.jcl (text/plain) in CBT.V508.FILE374.PDS, moved to PDS/SMF47
2025-04-04 08:43:01.505791 - Found SMF48.jcl (text/plain) in CBT.V508.FILE374.PDS, moved to PDS/SMF48
2025-04-04 08:43:01.505905 - Found SMF5.jcl (text/plain) in CBT.V508.FILE374.PDS, moved to PDS/SMF5
2025-04-04 08:43:01.506024 - Found SMF50.jcl (text/plain) in CBT.V508.FILE374.PDS, moved to PDS/SMF50
2025-04-04 08:43:01.506158 - Found SMF52.jcl (text/plain) in CBT.V508.FILE374.PDS, moved to PDS/SMF52
2025-04-04 08:43:01.506276 - Found SMF53.jcl (text/plain) in CBT.V508.FILE374.PDS, moved to PDS/SMF53
2025-04-04 08:43:01.506404 - Found SMF55.jcl (text/plain) in CBT.V508.FILE374.PDS, moved to PDS/SMF55
2025-04-04 08:43:01.506525 - Found SMF57.jcl (text/plain) in CBT.V508.FILE374.PDS, moved to PDS/SMF57
2025-04-04 08:43:01.506640 - Found SMF58.jcl (text/plain) in CBT.V508.FILE374.PDS, moved to PDS/SMF58
2025-04-04 08:43:01.506760 - Found SMF6.jcl (text/plain) in CBT.V508.FILE374.PDS, moved to PDS/SMF6
2025-04-04 08:43:01.506877 - Found SMF60.jcl (text/plain) in CBT.V508.FILE374.PDS, moved to PDS/SMF60
2025-04-04 08:43:01.506999 - Found SMF61.jcl (text/plain) in CBT.V508.FILE374.PDS, moved to PDS/SMF61
2025-04-04 08:43:01.507121 - Found SMF62.jcl (text/plain) in CBT.V508.FILE374.PDS, moved to PDS/SMF62
2025-04-04 08:43:01.507247 - Found SMF63.jcl (text/plain) in CBT.V508.FILE374.PDS, moved to PDS/SMF63
2025-04-04 08:43:01.507363 - Found SMF64.jcl (text/plain) in CBT.V508.FILE374.PDS, moved to PDS/SMF64
2025-04-04 08:43:01.507495 - Found SMF65.jcl (text/plain) in CBT.V508.FILE374.PDS, moved to PDS/SMF65
2025-04-04 08:43:01.507612 - Found SMF66.jcl (text/plain) in CBT.V508.FILE374.PDS, moved to PDS/SMF66
2025-04-04 08:43:01.507722 - Found SMF70.jcl (text/plain) in CBT.V508.FILE374.PDS, moved to PDS/SMF70
2025-04-04 08:43:01.507834 - Found SMF70A.jcl (text/plain) in CBT.V508.FILE374.PDS, moved to PDS/SMF70A
2025-04-04 08:43:01.507955 - Found SMF70B.jcl (text/plain) in CBT.V508.FILE374.PDS, moved to PDS/SMF70B
2025-04-04 08:43:01.508069 - Found SMF71ESA.jcl (text/plain) in CBT.V508.FILE374.PDS, moved to PDS/SMF71ESA
2025-04-04 08:43:01.508200 - Found SMF71XA.jcl (text/plain) in CBT.V508.FILE374.PDS, moved to PDS/SMF71XA
2025-04-04 08:43:01.508317 - Found SMF72BAT.jcl (text/plain) in CBT.V508.FILE374.PDS, moved to PDS/SMF72BAT
2025-04-04 08:43:01.508450 - Found SMF72ESA.jcl (text/plain) in CBT.V508.FILE374.PDS, moved to PDS/SMF72ESA
2025-04-04 08:43:01.508566 - Found SMF72SP.jcl (text/plain) in CBT.V508.FILE374.PDS, moved to PDS/SMF72SP
2025-04-04 08:43:01.508688 - Found SMF72SPR.jcl (text/plain) in CBT.V508.FILE374.PDS, moved to PDS/SMF72SPR
2025-04-04 08:43:01.508801 - Found SMF72TSO.jcl (text/plain) in CBT.V508.FILE374.PDS, moved to PDS/SMF72TSO
2025-04-04 08:43:01.508920 - Found SMF72TS1.jcl (text/plain) in CBT.V508.FILE374.PDS, moved to PDS/SMF72TS1
2025-04-04 08:43:01.509039 - Found SMF72XA.jcl (text/plain) in CBT.V508.FILE374.PDS, moved to PDS/SMF72XA
2025-04-04 08:43:01.509153 - Found SMF72X7.jcl (text/plain) in CBT.V508.FILE374.PDS, moved to PDS/SMF72X7
2025-04-04 08:43:01.509282 - Found SMF73ESA.jcl (text/plain) in CBT.V508.FILE374.PDS, moved to PDS/SMF73ESA
2025-04-04 08:43:01.509399 - Found SMF73XA.jcl (text/plain) in CBT.V508.FILE374.PDS, moved to PDS/SMF73XA
2025-04-04 08:43:01.509522 - Found SMF74COM.jcl (text/plain) in CBT.V508.FILE374.PDS, moved to PDS/SMF74COM
2025-04-04 08:43:01.509638 - Found SMF74DSK.jcl (text/plain) in CBT.V508.FILE374.PDS, moved to PDS/SMF74DSK
2025-04-04 08:43:01.509746 - Found SMF74ESA.jcl (text/plain) in CBT.V508.FILE374.PDS, moved to PDS/SMF74ESA
2025-04-04 08:43:01.509866 - Found SMF74MX.jcl (text/plain) in CBT.V508.FILE374.PDS, moved to PDS/SMF74MX
2025-04-04 08:43:01.509981 - Found SMF74XA.jcl (text/plain) in CBT.V508.FILE374.PDS, moved to PDS/SMF74XA
2025-04-04 08:43:01.510098 - Found SMF75ESA.jcl (text/plain) in CBT.V508.FILE374.PDS, moved to PDS/SMF75ESA
2025-04-04 08:43:01.510224 - Found SMF75XA.jcl (text/plain) in CBT.V508.FILE374.PDS, moved to PDS/SMF75XA
2025-04-04 08:43:01.510341 - Found SMF76ESA.jcl (text/plain) in CBT.V508.FILE374.PDS, moved to PDS/SMF76ESA
2025-04-04 08:43:01.510458 - Found SMF76XA.jcl (text/plain) in CBT.V508.FILE374.PDS, moved to PDS/SMF76XA
2025-04-04 08:43:01.510576 - Found SMF77ESA.jcl (text/plain) in CBT.V508.FILE374.PDS, moved to PDS/SMF77ESA
2025-04-04 08:43:01.510709 - Found SMF77XA.jcl (text/plain) in CBT.V508.FILE374.PDS, moved to PDS/SMF77XA
2025-04-04 08:43:01.510839 - Found SMF78ESA.jcl (text/plain) in CBT.V508.FILE374.PDS, moved to PDS/SMF78ESA
2025-04-04 08:43:01.510954 - Found SMF78XA.jcl (text/plain) in CBT.V508.FILE374.PDS, moved to PDS/SMF78XA
2025-04-04 08:43:01.511075 - Found SMF79.jcl (text/plain) in CBT.V508.FILE374.PDS, moved to PDS/SMF79
2025-04-04 08:43:01.511190 - Found SMF8.jcl (text/plain) in CBT.V508.FILE374.PDS, moved to PDS/SMF8
2025-04-04 08:43:01.511305 - Found SMF80.jcl (text/plain) in CBT.V508.FILE374.PDS, moved to PDS/SMF80
2025-04-04 08:43:01.511435 - Found SMF80DS.jcl (text/plain) in CBT.V508.FILE374.PDS, moved to PDS/SMF80DS
2025-04-04 08:43:01.511552 - Found SMF81.jcl (text/plain) in CBT.V508.FILE374.PDS, moved to PDS/SMF81
2025-04-04 08:43:01.511661 - Found SMF84.jcl (text/plain) in CBT.V508.FILE374.PDS, moved to PDS/SMF84
2025-04-04 08:43:01.511780 - Found SMF9.jcl (text/plain) in CBT.V508.FILE374.PDS, moved to PDS/SMF9
2025-04-04 08:43:01.511906 - Found SMF90.jcl (text/plain) in CBT.V508.FILE374.PDS, moved to PDS/SMF90
2025-04-04 08:43:01.512028 - Found SPMS.jcl (text/plain) in CBT.V508.FILE374.PDS, moved to PDS/SPMS
2025-04-04 08:43:01.512145 - Found TAPECPY.jcl (text/plain) in CBT.V508.FILE374.PDS, moved to PDS/TAPECPY
2025-04-04 08:43:01.512442 - Found TAPELBL.jcl (text/plain) in CBT.V508.FILE374.PDS, moved to PDS/TAPELBL
